2025-07-04 14:22:52,992 - main - INFO - 开始执行爬虫任务
2025-07-04 14:22:52,994 - crawler - INFO - 成功初始化UserAgent
2025-07-04 14:22:52,994 - storage - INFO - 初始化数据库: /home/huwenzhuo/works/easy-money-bot/data/db.sqlite
2025-07-04 14:22:53,334 - storage - INFO - 数据库初始化完成
2025-07-04 14:22:53,334 - crawler - INFO - 使用测试商品ID列表
2025-07-04 14:22:53,335 - main - INFO - 获取到 3 个商品ID
2025-07-04 14:24:29,345 - main - INFO - 开始执行爬虫任务
2025-07-04 14:24:29,347 - crawler - INFO - 成功初始化UserAgent
2025-07-04 14:24:29,347 - storage - INFO - 初始化数据库: /home/huwenzhuo/works/easy-money-bot/data/db.sqlite
2025-07-04 14:24:29,347 - storage - INFO - 数据库初始化完成
2025-07-04 14:24:29,347 - crawler - INFO - 使用测试商品ID列表
2025-07-04 14:24:29,347 - main - INFO - 获取到 1 个商品ID
2025-07-04 14:30:25,501 - main - INFO - 开始执行爬虫任务
2025-07-04 14:30:25,502 - crawler - INFO - 成功初始化UserAgent
2025-07-04 14:30:25,502 - storage - INFO - 初始化数据库: /home/huwenzhuo/works/easy-money-bot/data/db.sqlite
2025-07-04 14:30:25,503 - storage - INFO - 数据库初始化完成
2025-07-04 14:30:25,503 - crawler - INFO - 使用测试商品ID列表
2025-07-04 14:30:25,503 - main - INFO - 获取到 1 个商品ID
2025-07-04 14:30:25,503 - main - INFO - 正在处理商品 1/1: 525873303
2025-07-04 14:30:25,503 - crawler - INFO - 开始获取商品 525873303 的历史数据，目标天数: 10
2025-07-04 14:32:28,533 - main - INFO - 开始执行爬虫任务
2025-07-04 14:32:28,535 - crawler - INFO - 成功初始化UserAgent
2025-07-04 14:32:28,535 - storage - INFO - 初始化数据库: /home/huwenzhuo/works/easy-money-bot/data/db.sqlite
2025-07-04 14:32:28,535 - storage - INFO - 数据库初始化完成
2025-07-04 14:32:28,536 - crawler - INFO - 使用测试商品ID列表
2025-07-04 14:32:28,536 - main - INFO - 获取到 1 个商品ID
2025-07-04 14:32:28,536 - main - INFO - 正在处理商品 1/1: 525873303
2025-07-04 14:32:28,536 - crawler - INFO - 开始获取商品 525873303 的历史数据，目标月数: 10
2025-07-04 14:32:28,536 - crawler - INFO - 开始获取商品 525873303 的数据，maxTime=1751610748
2025-07-04 14:32:28,727 - crawler - INFO - 成功获取商品 525873303 的数据
2025-07-04 14:33:04,769 - main - INFO - 开始执行爬虫任务
2025-07-04 14:33:04,771 - crawler - INFO - 成功初始化UserAgent
2025-07-04 14:33:04,771 - storage - INFO - 初始化数据库: /home/huwenzhuo/works/easy-money-bot/data/db.sqlite
2025-07-04 14:33:04,771 - storage - INFO - 数据库初始化完成
2025-07-04 14:33:04,771 - crawler - INFO - 使用测试商品ID列表
2025-07-04 14:33:04,771 - main - INFO - 获取到 1 个商品ID
2025-07-04 14:33:04,771 - main - INFO - 正在处理商品 1/1: 525873303
2025-07-04 14:33:04,771 - crawler - INFO - 开始获取商品 525873303 的历史数据，目标月数: 10
2025-07-04 14:33:04,771 - crawler - INFO - 开始获取商品 525873303 的数据，maxTime=1751610784
2025-07-04 14:33:04,937 - crawler - INFO - 成功获取商品 525873303 的数据
2025-07-04 14:37:19,362 - main - INFO - 开始执行爬虫任务
2025-07-04 14:37:19,364 - crawler - INFO - 成功初始化UserAgent
2025-07-04 14:37:19,364 - storage - INFO - 初始化数据库: /home/huwenzhuo/works/easy-money-bot/data/db.sqlite
2025-07-04 14:37:19,364 - storage - INFO - 数据库初始化完成
2025-07-04 14:37:19,364 - crawler - INFO - 使用测试商品ID列表
2025-07-04 14:37:19,364 - main - INFO - 获取到 1 个商品ID
2025-07-04 14:37:19,364 - main - INFO - 正在处理商品 1/1: 525873303
2025-07-04 14:37:19,364 - crawler - INFO - 开始获取商品 525873303 的历史数据，目标月数: 10
2025-07-04 14:37:19,365 - crawler - INFO - 开始获取商品 525873303 的数据，maxTime=1751611039
2025-07-04 14:37:19,498 - crawler - INFO - 成功获取商品 525873303 的数据
2025-07-04 14:48:31,659 - main - INFO - 开始执行爬虫任务
2025-07-04 14:48:31,661 - crawler - INFO - 成功初始化UserAgent
2025-07-04 14:48:31,661 - storage - INFO - 初始化数据库: /home/huwenzhuo/works/easy-money-bot/data/db.sqlite
2025-07-04 14:48:31,661 - storage - INFO - 数据库初始化完成
2025-07-04 14:48:31,661 - crawler - INFO - 使用测试商品ID列表
2025-07-04 14:48:31,662 - main - INFO - 获取到 1 个商品ID
2025-07-04 14:48:31,662 - main - INFO - 正在处理商品 1/1: 525873303
2025-07-04 14:48:31,662 - crawler - INFO - 开始获取商品 525873303 的历史数据，目标天数: 360
2025-07-04 14:48:31,662 - crawler - INFO - 生成了 4 个时间戳，间隔90天
2025-07-04 14:48:31,662 - crawler - INFO - 获取第 1/4 批数据，时间戳: 1751611711
2025-07-04 14:48:31,662 - crawler - INFO - 开始获取商品 525873303 的数据，maxTime=1751611711
2025-07-04 14:48:31,826 - crawler - INFO - 成功获取商品 525873303 的数据
2025-07-04 14:48:42,115 - main - INFO - 开始执行爬虫任务
2025-07-04 14:48:42,117 - crawler - INFO - 成功初始化UserAgent
2025-07-04 14:48:42,117 - storage - INFO - 初始化数据库: /home/huwenzhuo/works/easy-money-bot/data/db.sqlite
2025-07-04 14:48:42,117 - storage - INFO - 数据库初始化完成
2025-07-04 14:48:42,117 - crawler - INFO - 使用测试商品ID列表
2025-07-04 14:48:42,117 - main - INFO - 获取到 1 个商品ID
2025-07-04 14:48:42,118 - main - INFO - 正在处理商品 1/1: 525873303
2025-07-04 14:48:42,118 - crawler - INFO - 开始获取商品 525873303 的历史数据，目标天数: 360
2025-07-04 14:48:42,118 - crawler - INFO - 生成了 4 个时间戳，间隔90天
2025-07-04 14:48:42,118 - crawler - INFO - 获取第 1/4 批数据，时间戳: 1751611722
2025-07-04 14:48:42,118 - crawler - INFO - 开始获取商品 525873303 的数据，maxTime=1751611722
2025-07-04 14:48:42,251 - crawler - INFO - 成功获取商品 525873303 的数据
2025-07-04 14:48:42,252 - crawler - INFO - 获取第 2/4 批数据，时间戳: 1743835722
2025-07-04 14:48:42,253 - crawler - INFO - 开始获取商品 525873303 的数据，maxTime=1743835722
2025-07-04 14:48:42,450 - crawler - INFO - 成功获取商品 525873303 的数据
2025-07-04 14:48:42,451 - crawler - INFO - 获取第 3/4 批数据，时间戳: 1736059722
2025-07-04 14:48:42,452 - crawler - INFO - 开始获取商品 525873303 的数据，maxTime=1736059722
2025-07-04 14:48:42,641 - crawler - INFO - 成功获取商品 525873303 的数据
2025-07-04 14:48:42,642 - crawler - INFO - 获取第 4/4 批数据，时间戳: 1728283722
2025-07-04 14:48:42,643 - crawler - INFO - 开始获取商品 525873303 的数据，maxTime=1728283722
2025-07-04 14:48:42,818 - crawler - INFO - 成功获取商品 525873303 的数据
2025-07-04 14:48:42,820 - crawler - INFO - 商品 525873303 的历史数据获取完成，共获取 0 条数据
